#! /usr/local/bin/vvp
:ivl_version "12.0 (stable)";
:ivl_delay_selection "TYPICAL";
:vpi_time_precision + 0;
:vpi_module "/usr/local/lib/ivl/system.vpi";
:vpi_module "/usr/local/lib/ivl/vhdl_sys.vpi";
:vpi_module "/usr/local/lib/ivl/vhdl_textio.vpi";
:vpi_module "/usr/local/lib/ivl/v2005_math.vpi";
:vpi_module "/usr/local/lib/ivl/va_math.vpi";
:vpi_module "/usr/local/lib/ivl/v2009.vpi";
S_0x3ccd44a0 .scope package, "$unit" "$unit" 2 1;
 .timescale 0 0;
S_0x3ccd4630 .scope module, "tb_decoder4to16" "tb_decoder4to16" 3 2;
 .timescale 0 0;
v0x3cce88d0_0 .var "en", 0 0;
v0x3cce89a0_0 .var/i "i", 31 0;
v0x3cce8a60_0 .var "in", 3 0;
v0x3cce8b60_0 .net "out", 15 0, v0x3cce8760_0;  1 drivers
S_0x3ccaf580 .scope module, "uut" "decoder4to16" 3 8, 4 1 0, S_0x3ccd4630;
 .timescale 0 0;
    .port_info 0 /INPUT 4 "in";
    .port_info 1 /INPUT 1 "en";
    .port_info 2 /OUTPUT 16 "out";
v0x3ccaf7b0_0 .net "en", 0 0, v0x3cce88d0_0;  1 drivers
v0x3cce8680_0 .net "in", 3 0, v0x3cce8a60_0;  1 drivers
v0x3cce8760_0 .var "out", 15 0;
E_0x3ccd5570 .event anyedge, v0x3ccaf7b0_0, v0x3cce8680_0;
    .scope S_0x3ccaf580;
T_0 ;
    %wait E_0x3ccd5570;
    %load/vec4 v0x3ccaf7b0_0;
    %flag_set/vec4 8;
    %jmp/0xz  T_0.0, 8;
    %pushi/vec4 1, 0, 16;
    %ix/getv 4, v0x3cce8680_0;
    %shiftl 4;
    %store/vec4 v0x3cce8760_0, 0, 16;
    %jmp T_0.1;
T_0.0 ;
    %pushi/vec4 0, 0, 16;
    %store/vec4 v0x3cce8760_0, 0, 16;
T_0.1 ;
    %jmp T_0;
    .thread T_0, $push;
    .scope S_0x3ccd4630;
T_1 ;
    %vpi_call/w 3 16 "$dumpfile", "decoder4to16.vcd" {0 0 0};
    %vpi_call/w 3 17 "$dumpvars" {0 0 0};
    %vpi_call/w 3 18 "$display", "Time\011En\011In\011Out" {0 0 0};
    %vpi_call/w 3 19 "$monitor", "%0t\011%b\011%04b\011%b", $time, v0x3cce88d0_0, v0x3cce8a60_0, v0x3cce8b60_0 {0 0 0};
    %pushi/vec4 0, 0, 1;
    %store/vec4 v0x3cce88d0_0, 0, 1;
    %pushi/vec4 0, 0, 4;
    %store/vec4 v0x3cce8a60_0, 0, 4;
    %delay 10, 0;
    %pushi/vec4 10, 0, 4;
    %store/vec4 v0x3cce8a60_0, 0, 4;
    %delay 10, 0;
    %pushi/vec4 1, 0, 1;
    %store/vec4 v0x3cce88d0_0, 0, 1;
    %pushi/vec4 0, 0, 4;
    %store/vec4 v0x3cce8a60_0, 0, 4;
T_1.0 ;
    %load/vec4 v0x3cce8a60_0;
    %pad/u 32;
    %cmpi/u 16, 0, 32;
    %jmp/0xz T_1.1, 5;
    %load/vec4 v0x3cce89a0_0;
    %pad/s 4;
    %store/vec4 v0x3cce8a60_0, 0, 4;
    %delay 10, 0;
    %load/vec4 v0x3cce8a60_0;
    %addi 1, 0, 4;
    %store/vec4 v0x3cce8a60_0, 0, 4;
    %jmp T_1.0;
T_1.1 ;
    %pushi/vec4 0, 0, 1;
    %store/vec4 v0x3cce88d0_0, 0, 1;
    %pushi/vec4 7, 0, 4;
    %store/vec4 v0x3cce8a60_0, 0, 4;
    %delay 10, 0;
    %vpi_call/w 3 34 "$finish" {0 0 0};
    %end;
    .thread T_1;
# The file index is used to find the file name in the following table.
:file_names 5;
    "N/A";
    "<interactive>";
    "-";
    "testbench.sv";
    "design.sv";
